{"C:\\Users\\Dave\\dev\\projects\\ow-companion-mobile\\components\\ExampleComponent\\ExampleComponent.tsx": {"path":"C:\\Users\\Dave\\dev\\projects\\ow-companion-mobile\\components\\ExampleComponent\\ExampleComponent.tsx","statementMap":{"0":{"start":{"line":8,"column":52},"end":{"line":30,"column":1}},"1":{"start":{"line":10,"column":29},"end":{"line":10,"column":47}},"2":{"start":{"line":12,"column":29},"end":{"line":12,"column":50}},"3":{"start":{"line":14,"column":1},"end":{"line":29,"column":3}},"4":{"start":{"line":22,"column":5},"end":{"line":24,"column":41}},"5":{"start":{"line":23,"column":6},"end":{"line":23,"column":21}}},"fnMap":{"0":{"name":"(anonymous_0)","decl":{"start":{"line":8,"column":52},"end":{"line":8,"column":53}},"loc":{"start":{"line":8,"column":72},"end":{"line":30,"column":1}},"line":8},"1":{"name":"(anonymous_1)","decl":{"start":{"line":19,"column":13},"end":{"line":19,"column":14}},"loc":{"start":{"line":19,"column":19},"end":{"line":25,"column":5}},"line":19},"2":{"name":"(anonymous_2)","decl":{"start":{"line":22,"column":16},"end":{"line":22,"column":17}},"loc":{"start":{"line":22,"column":22},"end":{"line":24,"column":6}},"line":22}},"branchMap":{"0":{"loc":{"start":{"line":27,"column":4},"end":{"line":27,"column":59}},"type":"binary-expr","locations":[{"start":{"line":27,"column":4},"end":{"line":27,"column":8}},{"start":{"line":27,"column":12},"end":{"line":27,"column":59}}],"line":27}},"s":{"0":1,"1":3,"2":3,"3":3,"4":1,"5":1},"f":{"0":3,"1":1,"2":1},"b":{"0":[3,1]},"_coverageSchema":"1a1c01bbd47fc00a2c39e90264f33305004495a9","hash":"04a0c5a900f4bc6213e83d650d5cd43984b4be7a"}
,"C:\\Users\\Dave\\dev\\projects\\ow-companion-mobile\\redux\\mockApi.ts": {"path":"C:\\Users\\Dave\\dev\\projects\\ow-companion-mobile\\redux\\mockApi.ts","statementMap":{"0":{"start":{"line":3,"column":1},"end":{"line":4,"column":3}},"1":{"start":{"line":3,"column":51},"end":{"line":3,"column":100}},"2":{"start":{"line":3,"column":68},"end":{"line":3,"column":94}}},"fnMap":{"0":{"name":"fetchCount","decl":{"start":{"line":2,"column":16},"end":{"line":2,"column":26}},"loc":{"start":{"line":2,"column":39},"end":{"line":5,"column":1}},"line":2},"1":{"name":"(anonymous_1)","decl":{"start":{"line":3,"column":38},"end":{"line":3,"column":39}},"loc":{"start":{"line":3,"column":51},"end":{"line":3,"column":100}},"line":3},"2":{"name":"(anonymous_2)","decl":{"start":{"line":3,"column":62},"end":{"line":3,"column":63}},"loc":{"start":{"line":3,"column":68},"end":{"line":3,"column":94}},"line":3}},"branchMap":{"0":{"loc":{"start":{"line":2,"column":27},"end":{"line":2,"column":37}},"type":"default-arg","locations":[{"start":{"line":2,"column":36},"end":{"line":2,"column":37}}],"line":2}},"s":{"0":0,"1":0,"2":0},"f":{"0":0,"1":0,"2":0},"b":{"0":[0]},"_coverageSchema":"1a1c01bbd47fc00a2c39e90264f33305004495a9","hash":"2814d9a92683db262ce4e7bbd3702ee159f8893a"}
,"C:\\Users\\Dave\\dev\\projects\\ow-companion-mobile\\redux\\reducers\\test\\testSlice.ts": {"path":"C:\\Users\\Dave\\dev\\projects\\ow-companion-mobile\\redux\\reducers\\test\\testSlice.ts","statementMap":{"0":{"start":{"line":10,"column":37},"end":{"line":13,"column":1}},"1":{"start":{"line":20,"column":30},"end":{"line":28,"column":1}},"2":{"start":{"line":23,"column":19},"end":{"line":23,"column":43}},"3":{"start":{"line":26,"column":2},"end":{"line":26,"column":23}},"4":{"start":{"line":30,"column":25},"end":{"line":63,"column":2}},"5":{"start":{"line":40,"column":3},"end":{"line":40,"column":20}},"6":{"start":{"line":43,"column":3},"end":{"line":43,"column":20}},"7":{"start":{"line":47,"column":3},"end":{"line":47,"column":33}},"8":{"start":{"line":53,"column":2},"end":{"line":61,"column":6}},"9":{"start":{"line":55,"column":4},"end":{"line":55,"column":29}},"10":{"start":{"line":58,"column":4},"end":{"line":58,"column":26}},"11":{"start":{"line":60,"column":4},"end":{"line":60,"column":34}},"12":{"start":{"line":65,"column":60},"end":{"line":65,"column":77}},"13":{"start":{"line":70,"column":27},"end":{"line":70,"column":65}},"14":{"start":{"line":70,"column":49},"end":{"line":70,"column":65}},"15":{"start":{"line":71,"column":28},"end":{"line":71,"column":67}},"16":{"start":{"line":71,"column":50},"end":{"line":71,"column":67}},"17":{"start":{"line":75,"column":30},"end":{"line":84,"column":1}},"18":{"start":{"line":75,"column":60},"end":{"line":84,"column":1}},"19":{"start":{"line":79,"column":22},"end":{"line":79,"column":43}},"20":{"start":{"line":81,"column":1},"end":{"line":83,"column":2}},"21":{"start":{"line":82,"column":2},"end":{"line":82,"column":38}}},"fnMap":{"0":{"name":"(anonymous_0)","decl":{"start":{"line":22,"column":1},"end":{"line":22,"column":2}},"loc":{"start":{"line":22,"column":27},"end":{"line":27,"column":2}},"line":22},"1":{"name":"(anonymous_1)","decl":{"start":{"line":35,"column":13},"end":{"line":35,"column":14}},"loc":{"start":{"line":35,"column":24},"end":{"line":41,"column":3}},"line":35},"2":{"name":"(anonymous_2)","decl":{"start":{"line":42,"column":13},"end":{"line":42,"column":14}},"loc":{"start":{"line":42,"column":24},"end":{"line":44,"column":3}},"line":42},"3":{"name":"(anonymous_3)","decl":{"start":{"line":46,"column":21},"end":{"line":46,"column":22}},"loc":{"start":{"line":46,"column":63},"end":{"line":48,"column":3}},"line":46},"4":{"name":"(anonymous_4)","decl":{"start":{"line":52,"column":16},"end":{"line":52,"column":17}},"loc":{"start":{"line":52,"column":29},"end":{"line":62,"column":2}},"line":52},"5":{"name":"(anonymous_5)","decl":{"start":{"line":54,"column":36},"end":{"line":54,"column":37}},"loc":{"start":{"line":54,"column":47},"end":{"line":56,"column":4}},"line":54},"6":{"name":"(anonymous_6)","decl":{"start":{"line":57,"column":38},"end":{"line":57,"column":39}},"loc":{"start":{"line":57,"column":57},"end":{"line":61,"column":4}},"line":57},"7":{"name":"(anonymous_7)","decl":{"start":{"line":70,"column":27},"end":{"line":70,"column":28}},"loc":{"start":{"line":70,"column":49},"end":{"line":70,"column":65}},"line":70},"8":{"name":"(anonymous_8)","decl":{"start":{"line":71,"column":28},"end":{"line":71,"column":29}},"loc":{"start":{"line":71,"column":50},"end":{"line":71,"column":67}},"line":71},"9":{"name":"(anonymous_9)","decl":{"start":{"line":75,"column":30},"end":{"line":75,"column":31}},"loc":{"start":{"line":75,"column":60},"end":{"line":84,"column":1}},"line":75},"10":{"name":"(anonymous_10)","decl":{"start":{"line":75,"column":60},"end":{"line":75,"column":61}},"loc":{"start":{"line":78,"column":5},"end":{"line":84,"column":1}},"line":78}},"branchMap":{"0":{"loc":{"start":{"line":81,"column":1},"end":{"line":83,"column":2}},"type":"if","locations":[{"start":{"line":81,"column":1},"end":{"line":83,"column":2}},{"start":{"line":81,"column":1},"end":{"line":83,"column":2}}],"line":81}},"s":{"0":1,"1":1,"2":0,"3":0,"4":1,"5":1,"6":1,"7":1,"8":1,"9":0,"10":0,"11":0,"12":1,"13":1,"14":0,"15":1,"16":0,"17":1,"18":0,"19":0,"20":0,"21":0},"f":{"0":0,"1":1,"2":1,"3":1,"4":1,"5":0,"6":0,"7":0,"8":0,"9":0,"10":0},"b":{"0":[0,0]},"_coverageSchema":"1a1c01bbd47fc00a2c39e90264f33305004495a9","hash":"9746425770a9a741d1403692f88d02964a1a9658"}
,"C:\\Users\\Dave\\dev\\projects\\ow-companion-mobile\\redux\\reducers\\theme\\themeSlice.ts": {"path":"C:\\Users\\Dave\\dev\\projects\\ow-companion-mobile\\redux\\reducers\\theme\\themeSlice.ts","statementMap":{"0":{"start":{"line":9,"column":34},"end":{"line":9,"column":53}},"1":{"start":{"line":11,"column":26},"end":{"line":19,"column":2}},"2":{"start":{"line":16,"column":3},"end":{"line":16,"column":32}},"3":{"start":{"line":21,"column":29},"end":{"line":21,"column":47}},"4":{"start":{"line":23,"column":27},"end":{"line":23,"column":66}},"5":{"start":{"line":23,"column":49},"end":{"line":23,"column":66}}},"fnMap":{"0":{"name":"(anonymous_0)","decl":{"start":{"line":15,"column":12},"end":{"line":15,"column":13}},"loc":{"start":{"line":15,"column":77},"end":{"line":17,"column":3}},"line":15},"1":{"name":"(anonymous_1)","decl":{"start":{"line":23,"column":27},"end":{"line":23,"column":28}},"loc":{"start":{"line":23,"column":49},"end":{"line":23,"column":66}},"line":23}},"branchMap":{},"s":{"0":1,"1":1,"2":1,"3":1,"4":1,"5":0},"f":{"0":1,"1":0},"b":{},"_coverageSchema":"1a1c01bbd47fc00a2c39e90264f33305004495a9","hash":"e3019d4d8e736492161abaa52f1d95e0b721030b"}
}
