TN:
SF:components\ExampleComponent\ExampleComponent.tsx
FN:8,(anonymous_0)
FN:19,(anonymous_1)
FN:22,(anonymous_2)
FNF:3
FNH:3
FNDA:3,(anonymous_0)
FNDA:1,(anonymous_1)
FNDA:1,(anonymous_2)
DA:8,1
DA:10,3
DA:12,3
DA:14,3
DA:22,1
DA:23,1
LF:6
LH:6
BRDA:27,0,0,3
BRDA:27,0,1,1
BRF:2
BRH:2
end_of_record
TN:
SF:redux\mockApi.ts
FN:2,fetchCount
FN:3,(anonymous_1)
FN:3,(anonymous_2)
FNF:3
FNH:0
FNDA:0,fetchCount
FNDA:0,(anonymous_1)
FNDA:0,(anonymous_2)
DA:3,0
LF:1
LH:0
BRDA:2,0,0,0
BRF:1
BRH:0
end_of_record
TN:
SF:redux\reducers\test\testSlice.ts
FN:22,(anonymous_0)
FN:35,(anonymous_1)
FN:42,(anonymous_2)
FN:46,(anonymous_3)
FN:52,(anonymous_4)
FN:54,(anonymous_5)
FN:57,(anonymous_6)
FN:70,(anonymous_7)
FN:71,(anonymous_8)
FN:75,(anonymous_9)
FN:75,(anonymous_10)
FNF:11
FNH:4
FNDA:0,(anonymous_0)
FNDA:1,(anonymous_1)
FNDA:1,(anonymous_2)
FNDA:1,(anonymous_3)
FNDA:1,(anonymous_4)
FNDA:0,(anonymous_5)
FNDA:0,(anonymous_6)
FNDA:0,(anonymous_7)
FNDA:0,(anonymous_8)
FNDA:0,(anonymous_9)
FNDA:0,(anonymous_10)
DA:10,1
DA:20,1
DA:23,0
DA:26,0
DA:30,1
DA:40,1
DA:43,1
DA:47,1
DA:53,1
DA:55,0
DA:58,0
DA:60,0
DA:65,1
DA:70,1
DA:71,1
DA:75,1
DA:79,0
DA:81,0
DA:82,0
LF:19
LH:11
BRDA:81,0,0,0
BRDA:81,0,1,0
BRF:2
BRH:0
end_of_record
TN:
SF:redux\reducers\theme\themeSlice.ts
FN:15,(anonymous_0)
FN:23,(anonymous_1)
FNF:2
FNH:1
FNDA:1,(anonymous_0)
FNDA:0,(anonymous_1)
DA:9,1
DA:11,1
DA:16,1
DA:21,1
DA:23,1
LF:5
LH:5
BRF:0
BRH:0
end_of_record
